# JRE version: OpenJDK Runtime Environment Temurin-17.0.4+8 (17.0.4+8) (build 17.0.4+8)
# Java VM: OpenJDK 64-Bit Server VM Temurin-17.0.4+8 (17.0.4+8, mixed mode, tiered, compressed oops, compressed class ptrs, g1 gc, windows-amd64)
GC Precious Log:
 CPUs: 2 total, 2 available
 Memory: 8190M
 Large Page Support: Disabled
 NUMA Support: Disabled
 Compressed Oops: Enabled (32-bit)
 Heap Region Size: 1M
 Heap Min Capacity: 8M
 Heap Initial Capacity: 128M
 Heap Max Capacity: 2G
 Pre-touch: Disabled
 Parallel Workers: 2
 Concurrent Workers: 1
 Concurrent Refinement Workers: 2
 Periodic GC: Disabled
Heap:
 garbage-first heap   total 58368K, used 28092K [0x0000000080000000, 0x0000000100000000)
  region size 1024K, 3 young (3072K), 3 survivors (3072K)
 Metaspace       used 55805K, committed 56128K, reserved 1105920K
  class space    used 6901K, committed 7040K, reserved 1048576K
GC Heap History (20 events):
Event: 3.462 GC heap after
{Heap after GC invocations=7 (full 0):
 garbage-first heap   total 34816K, used 9964K [0x0000000080000000, 0x0000000100000000)
  region size 1024K, 3 young (3072K), 3 survivors (3072K)
 Metaspace       used 25322K, committed 25472K, reserved 1073152K
  class space    used 2819K, committed 2880K, reserved 1048576K
}
Event: 3.485 GC heap before
{Heap before GC invocations=7 (full 0):
 garbage-first heap   total 34816K, used 10988K [0x0000000080000000, 0x0000000100000000)
  region size 1024K, 4 young (4096K), 3 survivors (3072K)
 Metaspace       used 25515K, committed 25664K, reserved 1073152K
  class space    used 2833K, committed 2880K, reserved 1048576K
}
Event: 3.492 GC heap after
{Heap after GC invocations=8 (full 0):
 garbage-first heap   total 34816K, used 9997K [0x0000000080000000, 0x0000000100000000)
  region size 1024K, 1 young (1024K), 1 survivors (1024K)
 Metaspace       used 25515K, committed 25664K, reserved 1073152K
  class space    used 2833K, committed 2880K, reserved 1048576K
}
Event: 4.095 GC heap before
{Heap before GC invocations=8 (full 0):
 garbage-first heap   total 34816K, used 22285K [0x0000000080000000, 0x0000000100000000)
  region size 1024K, 14 young (14336K), 1 survivors (1024K)
 Metaspace       used 27052K, committed 27392K, reserved 1073152K
  class space    used 2975K, committed 3136K, reserved 1048576K
}
Event: 4.100 GC heap after
{Heap after GC invocations=9 (full 0):
 garbage-first heap   total 61440K, used 11078K [0x0000000080000000, 0x0000000100000000)
  region size 1024K, 2 young (2048K), 2 survivors (2048K)
 Metaspace       used 27052K, committed 27392K, reserved 1073152K
  class space    used 2975K, committed 3136K, reserved 1048576K
}
Event: 5.707 GC heap before
{Heap before GC invocations=9 (full 0):
 garbage-first heap   total 61440K, used 44870K [0x0000000080000000, 0x0000000100000000)
  region size 1024K, 35 young (35840K), 2 survivors (2048K)
 Metaspace       used 30268K, committed 30592K, reserved 1081344K
  class space    used 3397K, committed 3520K, reserved 1048576K
}
Event: 5.719 GC heap after
{Heap after GC invocations=10 (full 0):
 garbage-first heap   total 61440K, used 13814K [0x0000000080000000, 0x0000000100000000)
  region size 1024K, 5 young (5120K), 5 survivors (5120K)
 Metaspace       used 30268K, committed 30592K, reserved 1081344K
  class space    used 3397K, committed 3520K, reserved 1048576K
}
Event: 6.886 GC heap before
{Heap before GC invocations=10 (full 0):
 garbage-first heap   total 61440K, used 42486K [0x0000000080000000, 0x0000000100000000)
  region size 1024K, 33 young (33792K), 5 survivors (5120K)
 Metaspace       used 35688K, committed 35968K, reserved 1081344K
  class space    used 4084K, committed 4224K, reserved 1048576K
}
Event: 6.911 GC heap after
{Heap after GC invocations=11 (full 0):
 garbage-first heap   total 61440K, used 16211K [0x0000000080000000, 0x0000000100000000)
  region size 1024K, 3 young (3072K), 3 survivors (3072K)
 Metaspace       used 35688K, committed 35968K, reserved 1081344K
  class space    used 4084K, committed 4224K, reserved 1048576K
}
Event: 8.025 GC heap before
{Heap before GC invocations=12 (full 0):
 garbage-first heap   total 58368K, used 44883K [0x0000000080000000, 0x0000000100000000)
  region size 1024K, 31 young (31744K), 3 survivors (3072K)
 Metaspace       used 38452K, committed 38784K, reserved 1089536K
  class space    used 4475K, committed 4672K, reserved 1048576K
}
Event: 8.038 GC heap after
{Heap after GC invocations=13 (full 0):
 garbage-first heap   total 58368K, used 18152K [0x0000000080000000, 0x0000000100000000)
  region size 1024K, 2 young (2048K), 2 survivors (2048K)
 Metaspace       used 38452K, committed 38784K, reserved 1089536K
  class space    used 4475K, committed 4672K, reserved 1048576K
}
Event: 8.825 GC heap before
{Heap before GC invocations=13 (full 0):
 garbage-first heap   total 58368K, used 42728K [0x0000000080000000, 0x0000000100000000)
  region size 1024K, 27 young (27648K), 2 survivors (2048K)
 Metaspace       used 41923K, committed 42304K, reserved 1089536K
  class space    used 4930K, committed 5120K, reserved 1048576K
}
Event: 8.839 GC heap after
{Heap after GC invocations=14 (full 0):
 garbage-first heap   total 58368K, used 20190K [0x0000000080000000, 0x0000000100000000)
  region size 1024K, 4 young (4096K), 4 survivors (4096K)
 Metaspace       used 41923K, committed 42304K, reserved 1089536K
  class space    used 4930K, committed 5120K, reserved 1048576K
}
Event: 9.464 GC heap before
{Heap before GC invocations=14 (full 0):
 garbage-first heap   total 58368K, used 43742K [0x0000000080000000, 0x0000000100000000)
  region size 1024K, 27 young (27648K), 4 survivors (4096K)
 Metaspace       used 44847K, committed 45248K, reserved 1089536K
  class space    used 5373K, committed 5568K, reserved 1048576K
}
Event: 9.476 GC heap after
{Heap after GC invocations=15 (full 0):
 garbage-first heap   total 58368K, used 20874K [0x0000000080000000, 0x0000000100000000)
  region size 1024K, 1 young (1024K), 1 survivors (1024K)
 Metaspace       used 44847K, committed 45248K, reserved 1089536K
  class space    used 5373K, committed 5568K, reserved 1048576K
}
Event: 10.555 GC heap before
{Heap before GC invocations=15 (full 0):
 garbage-first heap   total 58368K, used 44426K [0x0000000080000000, 0x0000000100000000)
  region size 1024K, 24 young (24576K), 1 survivors (1024K)
 Metaspace       used 48760K, committed 49152K, reserved 1097728K
  class space    used 5998K, committed 6208K, reserved 1048576K
}
Event: 10.565 GC heap after
{Heap after GC invocations=16 (full 0):
 garbage-first heap   total 58368K, used 22964K [0x0000000080000000, 0x0000000100000000)
  region size 1024K, 3 young (3072K), 3 survivors (3072K)
 Metaspace       used 48760K, committed 49152K, reserved 1097728K
  class space    used 5998K, committed 6208K, reserved 1048576K
}
Event: 11.637 GC heap before
{Heap before GC invocations=16 (full 0):
 garbage-first heap   total 58368K, used 44468K [0x0000000080000000, 0x0000000100000000)
  region size 1024K, 24 young (24576K), 3 survivors (3072K)
 Metaspace       used 51920K, committed 52288K, reserved 1097728K
  class space    used 6447K, committed 6592K, reserved 1048576K
}
Event: 11.652 GC heap after
{Heap after GC invocations=17 (full 0):
 garbage-first heap   total 58368K, used 25205K [0x0000000080000000, 0x0000000100000000)
  region size 1024K, 3 young (3072K), 3 survivors (3072K)
 Metaspace       used 51920K, committed 52288K, reserved 1097728K
  class space    used 6447K, committed 6592K, reserved 1048576K
}
Event: 12.391 GC heap before
{Heap before GC invocations=17 (full 0):
 garbage-first heap   total 58368K, used 44661K [0x0000000080000000, 0x0000000100000000)
  region size 1024K, 22 young (22528K), 3 survivors (3072K)
 Metaspace       used 55805K, committed 56128K, reserved 1105920K
  class space    used 6901K, committed 7040K, reserved 1048576K
}

